app/build/outputs/logs/manifest-merger-debug-report.txt
-- Merging decision tree log ---
manifest
ADDED from src\main\AndroidManifest.xml:2:1-496:12
	package
		ADDED from src\main\AndroidManifest.xml:4:11-37
		INJECTED from src\main\AndroidManifest.xml
		INJECTED from src\main\AndroidManifest.xml
	android:versionName
		INJECTED from src\main\AndroidManifest.xml
		INJECTED from src\main\AndroidManifest.xml
	xmlns:tools
		ADDED from src\main\AndroidManifest.xml:3:11-57
	xmlns:android
		ADDED from src\main\AndroidManifest.xml:2:11-69
	android:versionCode
		INJECTED from src\main\AndroidManifest.xml
		INJECTED from src\main\AndroidManifest.xml
uses-sdk
ADDED from src\main\AndroidManifest.xml:6:5-8:40
MERGED from [com.android.support:multidex:1.0.1] AndroidManifest.xml:18:5-42
MERGED from [com.bartoszlipinski.recyclerviewheader:library:1.2.0] AndroidManifest.xml:7:5-9:41
MERGED from [com.android.support:design:25.3.1] AndroidManifest.xml:21:5-23:62
MERGED from [com.android.support:transition:25.3.1] AndroidManifest.xml:20:5-44
MERGED from [trunk:easeui:unspecified] AndroidManifest.xml:7:5-9:41
MERGED from [trunk:data:unspecified] AndroidManifest.xml:7:5-9:41
MERGED from [com.squareup.sqlbrite:sqlbrite:1.1.1] AndroidManifest.xml:5:5-43
MERGED from [com.squareup.sqldelight:runtime:0.6.1] AndroidManifest.xml:6:5-43
MERGED from [cn.jiguang.sdk:jpush:3.0.3] AndroidManifest.xml:7:5-9:41
MERGED from [cn.jiguang.sdk:jcore:1.1.1] AndroidManifest.xml:7:5-9:41
MERGED from [trunk:zxing:unspecified] AndroidManifest.xml:7:5-9:41
MERGED from [in.srain.cube:ptr-load-more:1.0.6] AndroidManifest.xml:7:5-9:41
MERGED from [com.bignerdranch.android:expandablerecyclerview:3.0.0-RC1] AndroidManifest.xml:7:5-9:41
MERGED from [trunk:phone:unspecified] AndroidManifest.xml:7:5-9:41
MERGED from [:NoCaptchaSDK-external-release-5.3.21:] AndroidManifest.xml:7:5-9:41
MERGED from [:SecurityGuardSDK-external-release-5.3.38:] AndroidManifest.xml:7:5-9:41
MERGED from [:SecurityBodySDK-external-release-5.3.27:] AndroidManifest.xml:7:5-9:41
MERGED from [:FaceLivenessSDK-1.4.0.15:] AndroidManifest.xml:7:5-9:41
MERGED from [:rpsdk-1.5.0.0:] AndroidManifest.xml:7:5-9:41
MERGED from [trunk:assistant:unspecified] AndroidManifest.xml:7:5-9:41
MERGED from [com.android.support.constraint:constraint-layout:1.0.2] AndroidManifest.xml:5:5-7:41
MERGED from [com.facebook.fresco:fresco:1.3.0] AndroidManifest.xml:5:5-7:41
MERGED from [com.facebook.fresco:drawee:1.3.0] AndroidManifest.xml:5:5-7:41
MERGED from [com.jakewharton:butterknife:8.4.0] AndroidManifest.xml:5:5-43
MERGED from [com.android.support:recyclerview-v7:25.3.1] AndroidManifest.xml:20:5-43
MERGED from [com.facebook.fresco:animated-gif:1.3.0] AndroidManifest.xml:5:5-7:41
MERGED from [com.facebook.fresco:animated-base:1.3.0] AndroidManifest.xml:5:5-7:41
MERGED from [com.facebook.fresco:imagepipeline:1.3.0] AndroidManifest.xml:5:5-7:41
MERGED from [com.facebook.fresco:imagepipeline-base:1.3.0] AndroidManifest.xml:5:5-7:41
MERGED from [com.facebook.fresco:fbcore:1.3.0] AndroidManifest.xml:5:5-7:41
MERGED from [com.hwangjr.rxbus:rxbus:1.0.5] AndroidManifest.xml:5:5-7:41
MERGED from [trunk:http:unspecified] AndroidManifest.xml:7:5-9:41
MERGED from [com.android.support:appcompat-v7:25.3.1] AndroidManifest.xml:21:5-23:78
MERGED from [com.android.support:support-v4:25.3.1] AndroidManifest.xml:21:5-23:54
MERGED from [com.android.support:support-fragment:25.3.1] AndroidManifest.xml:21:5-23:60
MERGED from [com.android.support:support-media-compat:25.3.1] AndroidManifest.xml:21:5-23:63
MERGED from [com.android.support:support-core-ui:25.3.1] AndroidManifest.xml:21:5-23:58
MERGED from [com.android.support:support-core-utils:25.3.1] AndroidManifest.xml:21:5-23:61
MERGED from [com.android.support:animated-vector-drawable:25.3.1] AndroidManifest.xml:20:5-44
MERGED from [com.android.support:support-vector-drawable:25.3.1] AndroidManifest.xml:20:5-43
MERGED from [com.android.support:support-compat:25.3.1] AndroidManifest.xml:21:5-23:58
MERGED from [trunk:tsm:unspecified] AndroidManifest.xml:7:5-9:41
MERGED from [com.jakewharton.timber:timber:4.5.1] AndroidManifest.xml:6:5-43
MERGED from [io.reactivex:rxandroid:1.2.1] AndroidManifest.xml:19:5-43
MERGED from [com.squareup.leakcanary:leakcanary-android:1.5] AndroidManifest.xml:20:5-22:41
	tools:overrideLibrary
		ADDED from [com.android.support:design:25.3.1] AndroidManifest.xml:23:9-59
	android:targetSdkVersion
		ADDED from src\main\AndroidManifest.xml:8:9-38
		INJECTED from src\main\AndroidManifest.xml
		INJECTED from src\main\AndroidManifest.xml
	android:minSdkVersion
		ADDED from src\main\AndroidManifest.xml:7:9-35
		INJECTED from src\main\AndroidManifest.xml
		INJECTED from src\main\AndroidManifest.xml
uses-permission#android.permission.VIBRATE
ADDED from src\main\AndroidManifest.xml:11:5-65
MERGED from [cn.jiguang.sdk:jpush:3.0.3] AndroidManifest.xml:24:5-66
MERGED from [trunk:zxing:unspecified] AndroidManifest.xml:12:5-66
	android:name
		ADDED from src\main\AndroidManifest.xml:11:22-63
uses-permission#android.permission.FLASHLIGHT
ADDED from src\main\AndroidManifest.xml:12:5-68
	android:name
		ADDED from src\main\AndroidManifest.xml:12:22-66
uses-permission#android.permission.INTERNET
ADDED from src\main\AndroidManifest.xml:13:5-66
MERGED from [cn.jiguang.sdk:jpush:3.0.3] AndroidManifest.xml:18:5-67
MERGED from [trunk:phone:unspecified] AndroidManifest.xml:13:5-67
MERGED from [:NoCaptchaSDK-external-release-5.3.21:] AndroidManifest.xml:11:5-67
MERGED from [:SecurityGuardSDK-external-release-5.3.38:] AndroidManifest.xml:17:5-67
MERGED from [:SecurityBodySDK-external-release-5.3.27:] AndroidManifest.xml:11:5-67
	android:name
		ADDED from src\main\AndroidManifest.xml:13:22-64
uses-permission#android.permission.MOUNT_UNMOUNT_FILESYSTEMS
ADDED from src\main\AndroidManifest.xml:14:5-83
MERGED from [cn.jiguang.sdk:jpush:3.0.3] AndroidManifest.xml:25:5-84
	android:name
		ADDED from src\main\AndroidManifest.xml:14:22-81
uses-permission#android.permission.WRITE_EXTERNAL_STORAGE
ADDED from src\main\AndroidManifest.xml:15:5-80
MERGED from [cn.jiguang.sdk:jpush:3.0.3] AndroidManifest.xml:21:5-81
MERGED from [:SecurityGuardSDK-external-release-5.3.38:] AndroidManifest.xml:12:5-81
MERGED from [com.squareup.leakcanary:leakcanary-android:1.5] AndroidManifest.xml:26:5-81
	android:name
		ADDED from src\main\AndroidManifest.xml:15:22-78
uses-permission#android.permission.READ_EXTERNAL_STORAGE
ADDED from src\main\AndroidManifest.xml:16:5-79
MERGED from [cn.jiguang.sdk:jpush:3.0.3] AndroidManifest.xml:22:5-80
MERGED from [:SecurityGuardSDK-external-release-5.3.38:] AndroidManifest.xml:11:5-80
MERGED from [com.squareup.leakcanary:leakcanary-android:1.5] AndroidManifest.xml:25:5-80
	android:name
		ADDED from src\main\AndroidManifest.xml:16:22-77
uses-permission#android.permission.CAMERA
ADDED from src\main\AndroidManifest.xml:17:5-64
MERGED from [trunk:zxing:unspecified] AndroidManifest.xml:11:5-65
MERGED from [:rpsdk-1.5.0.0:] AndroidManifest.xml:11:5-65
	android:name
		ADDED from src\main\AndroidManifest.xml:17:22-62
uses-feature#android.hardware.camera
ADDED from src\main\AndroidManifest.xml:19:5-59
MERGED from [:rpsdk-1.5.0.0:] AndroidManifest.xml:13:5-60
	android:name
		ADDED from src\main\AndroidManifest.xml:19:19-57
uses-permission#android.permission.ACCESS_WIFI_STATE
ADDED from src\main\AndroidManifest.xml:21:5-75
MERGED from [cn.jiguang.sdk:jpush:3.0.3] AndroidManifest.xml:27:5-76
MERGED from [:SecurityGuardSDK-external-release-5.3.38:] AndroidManifest.xml:14:5-76
	android:name
		ADDED from src\main\AndroidManifest.xml:21:22-73
uses-feature#android.hardware.camera.autofocus
ADDED from src\main\AndroidManifest.xml:23:5-69
MERGED from [:rpsdk-1.5.0.0:] AndroidManifest.xml:14:5-70
	android:name
		ADDED from src\main\AndroidManifest.xml:23:19-67
uses-permission#android.permission.ACCESS_COARSE_LOCATION
ADDED from src\main\AndroidManifest.xml:27:5-80
MERGED from [cn.jiguang.sdk:jpush:3.0.3] AndroidManifest.xml:31:5-81
MERGED from [:SecurityGuardSDK-external-release-5.3.38:] AndroidManifest.xml:20:5-81
	android:name
		ADDED from src\main\AndroidManifest.xml:27:22-78
uses-permission#android.permission.ACCESS_FINE_LOCATION
ADDED from src\main\AndroidManifest.xml:29:5-78
MERGED from [cn.jiguang.sdk:jpush:3.0.3] AndroidManifest.xml:33:5-79
MERGED from [:SecurityGuardSDK-external-release-5.3.38:] AndroidManifest.xml:19:5-79
	android:name
		ADDED from src\main\AndroidManifest.xml:29:22-76
uses-permission#android.permission.ACCESS_NETWORK_STATE
ADDED from src\main\AndroidManifest.xml:31:5-78
MERGED from [cn.jiguang.sdk:jpush:3.0.3] AndroidManifest.xml:26:5-79
MERGED from [trunk:phone:unspecified] AndroidManifest.xml:12:5-79
MERGED from [:NoCaptchaSDK-external-release-5.3.21:] AndroidManifest.xml:12:5-79
MERGED from [:SecurityGuardSDK-external-release-5.3.38:] AndroidManifest.xml:13:5-79
MERGED from [:SecurityBodySDK-external-release-5.3.27:] AndroidManifest.xml:12:5-79
	android:name
		ADDED from src\main\AndroidManifest.xml:31:22-76
uses-permission#android.permission.CHANGE_WIFI_STATE
ADDED from src\main\AndroidManifest.xml:33:5-75
MERGED from [cn.jiguang.sdk:jpush:3.0.3] AndroidManifest.xml:32:5-76
	android:name
		ADDED from src\main\AndroidManifest.xml:33:22-73
uses-permission#android.permission.READ_PHONE_STATE
ADDED from src\main\AndroidManifest.xml:35:5-74
MERGED from [cn.jiguang.sdk:jpush:3.0.3] AndroidManifest.xml:20:5-75
MERGED from [:SecurityGuardSDK-external-release-5.3.38:] AndroidManifest.xml:15:5-75
	android:name
		ADDED from src\main\AndroidManifest.xml:35:22-72
uses-permission#manifest.permission.RECORD_AUDIO
ADDED from src\main\AndroidManifest.xml:37:5-71
	android:name
		ADDED from src\main\AndroidManifest.xml:37:22-69
uses-permission#android.permission.RECORD_AUDIO
ADDED from src\main\AndroidManifest.xml:39:5-70
MERGED from [trunk:phone:unspecified] AndroidManifest.xml:11:5-71
	android:name
		ADDED from src\main\AndroidManifest.xml:39:22-68
uses-permission#android.permission.GET_TASKS
ADDED from src\main\AndroidManifest.xml:41:5-67
MERGED from [:SecurityGuardSDK-external-release-5.3.38:] AndroidManifest.xml:22:5-68
	android:name
		ADDED from src\main\AndroidManifest.xml:41:22-65
uses-permission#android.permission.WAKE_LOCK
ADDED from src\main\AndroidManifest.xml:42:5-67
MERGED from [cn.jiguang.sdk:jpush:3.0.3] AndroidManifest.xml:19:5-68
	android:name
		ADDED from src\main\AndroidManifest.xml:42:22-65
uses-permission#android.permission.MODIFY_AUDIO_SETTINGS
ADDED from src\main\AndroidManifest.xml:43:5-79
	android:name
		ADDED from src\main\AndroidManifest.xml:43:22-77
uses-permission#android.permission.RECEIVE_BOOT_COMPLETED
ADDED from src\main\AndroidManifest.xml:44:5-80
	android:name
		ADDED from src\main\AndroidManifest.xml:44:22-78
uses-permission#android.permission.PROCESS_OUTGOING_CALLS
ADDED from src\main\AndroidManifest.xml:46:5-80
	android:name
		ADDED from src\main\AndroidManifest.xml:46:22-78
uses-permission#android.permission.CALL_PHONE
ADDED from src\main\AndroidManifest.xml:47:5-68
	android:name
		ADDED from src\main\AndroidManifest.xml:47:22-66
uses-permission#android.permission.READ_CONTACTS
ADDED from src\main\AndroidManifest.xml:50:5-71
	android:name
		ADDED from src\main\AndroidManifest.xml:50:22-69
uses-permission#android.permission.SEND_SMS
ADDED from src\main\AndroidManifest.xml:51:5-66
	android:name
		ADDED from src\main\AndroidManifest.xml:51:22-64
uses-permission#android.permission.GET_ACCOUNTS
ADDED from src\main\AndroidManifest.xml:52:5-70
	android:name
		ADDED from src\main\AndroidManifest.xml:52:22-68
uses-permission#android.permission.BLUETOOTH
ADDED from src\main\AndroidManifest.xml:54:5-67
MERGED from [trunk:data:unspecified] AndroidManifest.xml:11:5-68
MERGED from [:SecurityGuardSDK-external-release-5.3.38:] AndroidManifest.xml:18:5-68
MERGED from [trunk:assistant:unspecified] AndroidManifest.xml:11:5-68
MERGED from [trunk:tsm:unspecified] AndroidManifest.xml:11:5-68
	android:name
		ADDED from src\main\AndroidManifest.xml:54:22-65
uses-permission#android.permission.BLUETOOTH_ADMIN
ADDED from src\main\AndroidManifest.xml:55:5-73
MERGED from [trunk:assistant:unspecified] AndroidManifest.xml:12:5-74
	android:name
		ADDED from src\main\AndroidManifest.xml:55:22-71
uses-feature#android.hardware.bluetooth_le
ADDED from src\main\AndroidManifest.xml:57:5-59:35
	android:required
		ADDED from src\main\AndroidManifest.xml:59:9-33
	android:name
		ADDED from src\main\AndroidManifest.xml:58:9-53
uses-permission#android.permission.NFC
ADDED from src\main\AndroidManifest.xml:61:5-61
	android:name
		ADDED from src\main\AndroidManifest.xml:61:22-59
uses-permission#com.google.android.c2dm.permission.RECEIVE
ADDED from src\main\AndroidManifest.xml:62:5-81
	android:name
		ADDED from src\main\AndroidManifest.xml:62:22-79
permission#com.hyphenate.chatuidemo.permission.C2D_MESSAGE
ADDED from src\main\AndroidManifest.xml:64:5-66:46
	android:protectionLevel
		ADDED from src\main\AndroidManifest.xml:66:9-44
	android:name
		ADDED from src\main\AndroidManifest.xml:65:9-71
uses-permission#com.hyphenate.chatuidemo.permission.C2D_MESSAGE
ADDED from src\main\AndroidManifest.xml:68:5-86
	android:name
		ADDED from src\main\AndroidManifest.xml:68:22-84
permission#com.hyphenate.chatuidemo.permission.MIPUSH_RECEIVE
ADDED from src\main\AndroidManifest.xml:70:5-72:54
	android:protectionLevel
		ADDED from src\main\AndroidManifest.xml:72:9-52
	android:name
		ADDED from src\main\AndroidManifest.xml:71:9-74
uses-permission#com.hyphenate.chatuidemo.permission.MIPUSH_RECEIVE
ADDED from src\main\AndroidManifest.xml:74:5-89
	android:name
		ADDED from src\main\AndroidManifest.xml:74:22-87
uses-feature#android.hardware.nfc
ADDED from src\main\AndroidManifest.xml:76:5-78:34
	android:required
		ADDED from src\main\AndroidManifest.xml:78:9-32
	android:name
		ADDED from src\main\AndroidManifest.xml:77:9-44
uses-permission#android.permission.RECEIVE_SMS
ADDED from src\main\AndroidManifest.xml:84:5-69
	android:name
		ADDED from src\main\AndroidManifest.xml:84:22-67
uses-permission#android.permission.READ_CALL_LOG
ADDED from src\main\AndroidManifest.xml:86:5-71
	android:name
		ADDED from src\main\AndroidManifest.xml:86:22-69
uses-permission#android.permission.USE_CREDENTIALS
ADDED from src\main\AndroidManifest.xml:89:5-73
	android:name
		ADDED from src\main\AndroidManifest.xml:89:22-71
uses-permission#com.android.launcher.permission.READ_SETTINGS
ADDED from src\main\AndroidManifest.xml:90:5-84
	android:name
		ADDED from src\main\AndroidManifest.xml:90:22-82
uses-permission#android.permission.BROADCAST_STICKY
ADDED from src\main\AndroidManifest.xml:91:5-74
	android:name
		ADDED from src\main\AndroidManifest.xml:91:22-72
uses-permission#android.permission.WRITE_SETTINGS
ADDED from src\main\AndroidManifest.xml:92:5-72
MERGED from [cn.jiguang.sdk:jpush:3.0.3] AndroidManifest.xml:23:5-73
MERGED from [:SecurityGuardSDK-external-release-5.3.38:] AndroidManifest.xml:16:5-73
	android:name
		ADDED from src\main\AndroidManifest.xml:92:22-70
uses-permission#android.permission.REQUEST_IGNORE_BATTERY_OPTIMIZATIONS
ADDED from src\main\AndroidManifest.xml:93:5-94
	android:name
		ADDED from src\main\AndroidManifest.xml:93:22-92
application
ADDED from src\main\AndroidManifest.xml:96:5-494:19
MERGED from [com.android.support:design:25.3.1] AndroidManifest.xml:29:5-20
MERGED from [com.android.support:transition:25.3.1] AndroidManifest.xml:26:5-20
MERGED from [trunk:data:unspecified] AndroidManifest.xml:13:5-17:19
MERGED from [cn.jiguang.sdk:jpush:3.0.3] AndroidManifest.xml:37:5-128:19
MERGED from [cn.jiguang.sdk:jcore:1.1.1] AndroidManifest.xml:11:5-12:19
MERGED from [trunk:zxing:unspecified] AndroidManifest.xml:14:5-18:19
MERGED from [in.srain.cube:ptr-load-more:1.0.6] AndroidManifest.xml:11:5-20
MERGED from [trunk:phone:unspecified] AndroidManifest.xml:15:5-19:19
MERGED from [:NoCaptchaSDK-external-release-5.3.21:] AndroidManifest.xml:14:5-17:19
MERGED from [:SecurityGuardSDK-external-release-5.3.38:] AndroidManifest.xml:24:5-37:19
MERGED from [:SecurityBodySDK-external-release-5.3.27:] AndroidManifest.xml:14:5-17:19
MERGED from [:FaceLivenessSDK-1.4.0.15:] AndroidManifest.xml:11:5-33:19
MERGED from [:rpsdk-1.5.0.0:] AndroidManifest.xml:16:5-23:19
MERGED from [trunk:assistant:unspecified] AndroidManifest.xml:14:5-18:19
MERGED from [com.android.support.constraint:constraint-layout:1.0.2] AndroidManifest.xml:9:5-20
MERGED from [com.hwangjr.rxbus:rxbus:1.0.5] AndroidManifest.xml:9:5-12:19
MERGED from [trunk:http:unspecified] AndroidManifest.xml:11:5-15:19
MERGED from [com.android.support:appcompat-v7:25.3.1] AndroidManifest.xml:29:5-20
MERGED from [com.android.support:support-v4:25.3.1] AndroidManifest.xml:29:5-20
MERGED from [com.android.support:support-fragment:25.3.1] AndroidManifest.xml:29:5-20
MERGED from [com.android.support:support-media-compat:25.3.1] AndroidManifest.xml:29:5-20
MERGED from [com.android.support:support-core-ui:25.3.1] AndroidManifest.xml:29:5-20
MERGED from [com.android.support:support-core-utils:25.3.1] AndroidManifest.xml:29:5-20
MERGED from [com.android.support:animated-vector-drawable:25.3.1] AndroidManifest.xml:26:5-20
MERGED from [com.android.support:support-vector-drawable:25.3.1] AndroidManifest.xml:26:5-20
MERGED from [com.android.support:support-compat:25.3.1] AndroidManifest.xml:29:5-20
MERGED from [trunk:tsm:unspecified] AndroidManifest.xml:13:5-34:19
MERGED from [com.jakewharton.timber:timber:4.5.1] AndroidManifest.xml:8:5-20
MERGED from [com.squareup.leakcanary:leakcanary-android:1.5] AndroidManifest.xml:28:5-57:19
	android:screenOrientation
		ADDED from src\main\AndroidManifest.xml:102:9-45
	android:label
		ADDED from src\main\AndroidManifest.xml:100:9-41
		REJECTED from [trunk:data:unspecified] AndroidManifest.xml:15:9-41
		REJECTED from [trunk:zxing:unspecified] AndroidManifest.xml:16:9-41
		REJECTED from [trunk:phone:unspecified] AndroidManifest.xml:17:9-41
		REJECTED from [:NoCaptchaSDK-external-release-5.3.21:] AndroidManifest.xml:16:9-41
		REJECTED from [:SecurityGuardSDK-external-release-5.3.38:] AndroidManifest.xml:26:9-41
		REJECTED from [:SecurityBodySDK-external-release-5.3.27:] AndroidManifest.xml:16:9-41
		REJECTED from [trunk:assistant:unspecified] AndroidManifest.xml:16:9-41
		REJECTED from [trunk:http:unspecified] AndroidManifest.xml:13:9-41
		REJECTED from [trunk:tsm:unspecified] AndroidManifest.xml:15:9-41
	android:supportsRtl
		ADDED from src\main\AndroidManifest.xml:103:9-35
		REJECTED from [trunk:data:unspecified] AndroidManifest.xml:16:9-35
		REJECTED from [trunk:zxing:unspecified] AndroidManifest.xml:17:9-35
		REJECTED from [trunk:phone:unspecified] AndroidManifest.xml:18:9-35
		REJECTED from [trunk:assistant:unspecified] AndroidManifest.xml:17:9-35
		REJECTED from [com.hwangjr.rxbus:rxbus:1.0.5] AndroidManifest.xml:11:9-35
		REJECTED from [trunk:http:unspecified] AndroidManifest.xml:14:9-35
		REJECTED from [trunk:tsm:unspecified] AndroidManifest.xml:16:9-35
	android:roundIcon
		ADDED from src\main\AndroidManifest.xml:101:9-56
	android:allowBackup
		ADDED from src\main\AndroidManifest.xml:98:9-35
		REJECTED from [trunk:data:unspecified] AndroidManifest.xml:14:9-35
		REJECTED from [trunk:zxing:unspecified] AndroidManifest.xml:15:9-35
		REJECTED from [trunk:phone:unspecified] AndroidManifest.xml:16:9-35
		REJECTED from [:NoCaptchaSDK-external-release-5.3.21:] AndroidManifest.xml:15:9-36
		REJECTED from [:SecurityGuardSDK-external-release-5.3.38:] AndroidManifest.xml:25:9-36
		REJECTED from [:SecurityBodySDK-external-release-5.3.27:] AndroidManifest.xml:15:9-36
		REJECTED from [trunk:assistant:unspecified] AndroidManifest.xml:15:9-35
		REJECTED from [com.hwangjr.rxbus:rxbus:1.0.5] AndroidManifest.xml:10:9-35
		REJECTED from [trunk:http:unspecified] AndroidManifest.xml:12:9-35
		REJECTED from [trunk:tsm:unspecified] AndroidManifest.xml:14:9-35
	android:icon
		ADDED from src\main\AndroidManifest.xml:99:9-48
	android:theme
		ADDED from src\main\AndroidManifest.xml:104:9-40
	tools:replace
		ADDED from src\main\AndroidManifest.xml:105:9-162
	android:name
		ADDED from src\main\AndroidManifest.xml:97:9-39
meta-data#android.nfc.disable_beam_default
ADDED from src\main\AndroidManifest.xml:106:9-108:35
	android:value
		ADDED from src\main\AndroidManifest.xml:108:13-33
	android:name
		ADDED from src\main\AndroidManifest.xml:107:13-60
activity#com.vboss.okline.ui.home.MainActivity
ADDED from src\main\AndroidManifest.xml:111:9-126:20
	android:screenOrientation
		ADDED from src\main\AndroidManifest.xml:114:13-49
	android:launchMode
		ADDED from src\main\AndroidManifest.xml:113:13-44
	android:windowSoftInputMode
		ADDED from src\main\AndroidManifest.xml:115:13-64
	android:name
		ADDED from src\main\AndroidManifest.xml:112:13-49
intent-filter#android.intent.category.MONKEY+android.nfc.action.TAG_DISCOVERED+android.nfc.action.TECH_DISCOVERED
ADDED from src\main\AndroidManifest.xml:116:13-121:29
action#android.nfc.action.TECH_DISCOVERED
ADDED from src\main\AndroidManifest.xml:117:17-76
	android:name
		ADDED from src\main\AndroidManifest.xml:117:25-74
action#android.nfc.action.TAG_DISCOVERED
ADDED from src\main\AndroidManifest.xml:118:17-75
	android:name
		ADDED from src\main\AndroidManifest.xml:118:25-73
category#android.intent.category.MONKEY
ADDED from src\main\AndroidManifest.xml:120:17-74
	android:name
		ADDED from src\main\AndroidManifest.xml:120:27-72
meta-data#android.nfc.action.TECH_DISCOVERED
ADDED from src\main\AndroidManifest.xml:123:13-125:58
	android:resource
		ADDED from src\main\AndroidManifest.xml:125:17-56
	android:name
		ADDED from src\main\AndroidManifest.xml:124:17-66
activity#com.vboss.okline.ui.splash.WelcomeActivity
ADDED from src\main\AndroidManifest.xml:127:9-136:20
	android:screenOrientation
		ADDED from src\main\AndroidManifest.xml:129:13-49
	android:windowSoftInputMode
		ADDED from src\main\AndroidManifest.xml:130:13-64
	android:name
		ADDED from src\main\AndroidManifest.xml:128:13-54
intent-filter#android.intent.action.MAIN+android.intent.category.LAUNCHER
ADDED from src\main\AndroidManifest.xml:131:13-135:29
action#android.intent.action.MAIN
ADDED from src\main\AndroidManifest.xml:132:17-68
	android:name
		ADDED from src\main\AndroidManifest.xml:132:25-66
category#android.intent.category.LAUNCHER
ADDED from src\main\AndroidManifest.xml:134:17-76
	android:name
		ADDED from src\main\AndroidManifest.xml:134:27-74
activity#com.vboss.okline.ui.opay.PaymentFailedActivity
ADDED from src\main\AndroidManifest.xml:145:9-66
	android:name
		ADDED from src\main\AndroidManifest.xml:145:19-64
activity#com.vboss.okline.ui.opay.PaymentSuccessfulActivity
ADDED from src\main\AndroidManifest.xml:146:9-70
	android:name
		ADDED from src\main\AndroidManifest.xml:146:19-68
activity#com.vboss.okline.ui.opay.OPaySDKActivity
ADDED from src\main\AndroidManifest.xml:147:9-150:58
	android:exported
		ADDED from src\main\AndroidManifest.xml:149:13-36
	android:theme
		ADDED from src\main\AndroidManifest.xml:150:13-56
	android:name
		ADDED from src\main\AndroidManifest.xml:148:13-52
activity#com.vboss.okline.ui.user.OpenCardActivity
ADDED from src\main\AndroidManifest.xml:151:9-154:51
	android:screenOrientation
		ADDED from src\main\AndroidManifest.xml:154:13-49
	android:exported
		ADDED from src\main\AndroidManifest.xml:153:13-36
	android:name
		ADDED from src\main\AndroidManifest.xml:152:13-53
activity#com.turui.bank.ocr.CaptureActivity
ADDED from src\main\AndroidManifest.xml:155:9-160:62
	android:screenOrientation
		ADDED from src\main\AndroidManifest.xml:158:13-50
	android:windowSoftInputMode
		ADDED from src\main\AndroidManifest.xml:160:13-60
	android:configChanges
		ADDED from src\main\AndroidManifest.xml:157:13-63
	android:theme
		ADDED from src\main\AndroidManifest.xml:159:13-71
	android:name
		ADDED from src\main\AndroidManifest.xml:156:13-62
activity#com.ui.card.TRCardScan
ADDED from src\main\AndroidManifest.xml:161:9-163:52
	android:screenOrientation
		ADDED from src\main\AndroidManifest.xml:163:13-50
	android:name
		ADDED from src\main\AndroidManifest.xml:162:13-50
activity#com.vboss.okline.ui.auth.CameraIDActivity
ADDED from src\main\AndroidManifest.xml:167:9-169:51
	android:screenOrientation
		ADDED from src\main\AndroidManifest.xml:169:13-49
	android:name
		ADDED from src\main\AndroidManifest.xml:168:13-53
activity#com.vboss.okline.ui.auth.SplashActivity
ADDED from src\main\AndroidManifest.xml:170:9-172:51
	android:screenOrientation
		ADDED from src\main\AndroidManifest.xml:172:13-49
	android:name
		ADDED from src\main\AndroidManifest.xml:171:13-51
activity#com.vboss.okline.ui.auth.CamerSelfActivity
ADDED from src\main\AndroidManifest.xml:175:9-177:51
	android:screenOrientation
		ADDED from src\main\AndroidManifest.xml:177:13-49
	android:name
		ADDED from src\main\AndroidManifest.xml:176:13-54
activity#com.vboss.okline.ui.auth.ApproveIDActivity
ADDED from src\main\AndroidManifest.xml:178:9-180:51
	android:screenOrientation
		ADDED from src\main\AndroidManifest.xml:180:13-49
	android:name
		ADDED from src\main\AndroidManifest.xml:179:13-54
activity#com.vboss.okline.ui.auth.VerifySuccessActivity
ADDED from src\main\AndroidManifest.xml:183:9-185:51
	android:screenOrientation
		ADDED from src\main\AndroidManifest.xml:185:13-49
	android:name
		ADDED from src\main\AndroidManifest.xml:184:13-58
activity#com.vboss.okline.ui.auth.VerifyFailActivity
ADDED from src\main\AndroidManifest.xml:186:9-188:51
	android:screenOrientation
		ADDED from src\main\AndroidManifest.xml:188:13-49
	android:name
		ADDED from src\main\AndroidManifest.xml:187:13-55
activity#com.vboss.okline.ui.contact.group.CreateGroupActivity
ADDED from src\main\AndroidManifest.xml:191:9-194:67
	android:screenOrientation
		ADDED from src\main\AndroidManifest.xml:193:13-49
	android:windowSoftInputMode
		ADDED from src\main\AndroidManifest.xml:194:13-65
	android:name
		ADDED from src\main\AndroidManifest.xml:192:13-65
activity#com.vboss.okline.ui.contact.addContact.AddContactActivity
ADDED from src\main\AndroidManifest.xml:195:9-198:57
	android:screenOrientation
		ADDED from src\main\AndroidManifest.xml:197:13-49
	android:windowSoftInputMode
		ADDED from src\main\AndroidManifest.xml:198:13-55
	android:name
		ADDED from src\main\AndroidManifest.xml:196:13-69
activity#com.vboss.okline.ui.contact.TransferAccounts.TransRecordActivity
ADDED from src\main\AndroidManifest.xml:199:9-202:46
	android:screenOrientation
		ADDED from src\main\AndroidManifest.xml:201:13-49
	android:theme
		ADDED from src\main\AndroidManifest.xml:202:13-44
	android:name
		ADDED from src\main\AndroidManifest.xml:200:13-76
activity#com.vboss.okline.ui.contact.TransferAccounts.TransPaymentActivity
ADDED from src\main\AndroidManifest.xml:203:9-207:66
	android:screenOrientation
		ADDED from src\main\AndroidManifest.xml:205:13-49
	android:windowSoftInputMode
		ADDED from src\main\AndroidManifest.xml:207:13-64
	android:theme
		ADDED from src\main\AndroidManifest.xml:206:13-44
	android:name
		ADDED from src\main\AndroidManifest.xml:204:13-77
activity#com.vboss.okline.ui.contact.TransferAccounts.EditAccountActivity
ADDED from src\main\AndroidManifest.xml:208:9-211:46
	android:screenOrientation
		ADDED from src\main\AndroidManifest.xml:210:13-49
	android:theme
		ADDED from src\main\AndroidManifest.xml:211:13-44
	android:name
		ADDED from src\main\AndroidManifest.xml:209:13-76
activity#com.vboss.okline.ui.contact.TransferAccounts.SelectAccountActivity
ADDED from src\main\AndroidManifest.xml:212:9-215:46
	android:screenOrientation
		ADDED from src\main\AndroidManifest.xml:214:13-49
	android:theme
		ADDED from src\main\AndroidManifest.xml:215:13-44
	android:name
		ADDED from src\main\AndroidManifest.xml:213:13-78
activity#com.vboss.okline.ui.contact.TransferAccounts.IncomeTransRecordActivity
ADDED from src\main\AndroidManifest.xml:216:9-219:46
	android:screenOrientation
		ADDED from src\main\AndroidManifest.xml:218:13-49
	android:theme
		ADDED from src\main\AndroidManifest.xml:219:13-44
	android:name
		ADDED from src\main\AndroidManifest.xml:217:13-82
activity#com.vboss.okline.ui.contact.group.EditGroupActivity
ADDED from src\main\AndroidManifest.xml:220:9-223:67
	android:screenOrientation
		ADDED from src\main\AndroidManifest.xml:222:13-49
	android:windowSoftInputMode
		ADDED from src\main\AndroidManifest.xml:223:13-65
	android:name
		ADDED from src\main\AndroidManifest.xml:221:13-63
activity#com.vboss.okline.ui.contact.ContactDetail.SendEmailActivity
ADDED from src\main\AndroidManifest.xml:224:9-227:57
	android:screenOrientation
		ADDED from src\main\AndroidManifest.xml:226:13-49
	android:windowSoftInputMode
		ADDED from src\main\AndroidManifest.xml:227:13-55
	android:name
		ADDED from src\main\AndroidManifest.xml:225:13-71
activity#com.vboss.okline.ui.contact.myCard.ChooseAddressActivity
ADDED from src\main\AndroidManifest.xml:228:9-231:67
	android:screenOrientation
		ADDED from src\main\AndroidManifest.xml:230:13-49
	android:windowSoftInputMode
		ADDED from src\main\AndroidManifest.xml:231:13-65
	android:name
		ADDED from src\main\AndroidManifest.xml:229:13-68
activity#com.vboss.okline.ui.contact.callPhone.DialActivity
ADDED from src\main\AndroidManifest.xml:232:9-236:67
	android:screenOrientation
		ADDED from src\main\AndroidManifest.xml:235:13-49
	android:launchMode
		ADDED from src\main\AndroidManifest.xml:234:13-43
	android:windowSoftInputMode
		ADDED from src\main\AndroidManifest.xml:236:13-65
	android:name
		ADDED from src\main\AndroidManifest.xml:233:13-62
activity#com.vboss.okline.ui.contact.callPhone.CallingActivity
ADDED from src\main\AndroidManifest.xml:237:9-246:20
	android:screenOrientation
		ADDED from src\main\AndroidManifest.xml:240:13-49
	android:launchMode
		ADDED from src\main\AndroidManifest.xml:239:13-44
	android:name
		ADDED from src\main\AndroidManifest.xml:238:13-65
intent-filter#android.intent.category.DEFAULT+com.vboss.okline.ui.contact.callPhone.CallingActivity
ADDED from src\main\AndroidManifest.xml:241:13-245:29
action#com.vboss.okline.ui.contact.callPhone.CallingActivity